"../../Plugins/2D/Paper2D/Content/PlaceholderTextures/DummySpriteTexture.uasset" 0
"D:/Gabo Stuff/Programming Tests/Blackjack/Content/Materials/UnlitTexture.uasset" 1
"D:/Gabo Stuff/Programming Tests/Blackjack/Content/Sprites/cards.uasset" 2
"D:/Gabo Stuff/Programming Tests/Blackjack/Content/Sprites/cards__0.uasset" 3
"D:/Gabo Stuff/Programming Tests/Blackjack/Content/Sprites/cards__52.uasset" 4
"D:/Gabo Stuff/Programming Tests/Blackjack/Content/Blueprints/BP_Card.uasset" 5
"D:/Gabo Stuff/Programming Tests/Blackjack/Content/Blueprints/TEst.uasset" 6
"D:/Gabo Stuff/Programming Tests/Blackjack/Content/Materials/UnlitColor.uasset" 7
"D:/Gabo Stuff/Programming Tests/Blackjack/Content/Materials/Outline.uasset" 8
"../../../Engine/Content/Animation/DefaultAnimCurveCompressionSettings.uasset" 9
"../../../Engine/Content/Functions/Engine_MaterialFunctions01/Opacity/CameraDepthFade.uasset" 10
"../../../Engine/Content/EngineMaterials/T_Default_Material_Grid_M.uasset" 11
"../../../Engine/Content/EngineMaterials/T_Default_Material_Grid_N.uasset" 12
"../../../Engine/Content/EngineMaterials/WorldGridMaterial.uasset" 13
"../../../Engine/Content/ArtTools/RenderToTexture/Meshes/S_1_Unit_Plane.uasset" 14
"../../../Engine/Content/EngineMaterials/DefaultMaterial.uasset" 15
"../../../Engine/Content/BasicShapes/Cone.uasset" 16
"../../../Engine/Content/BasicShapes/Cube.uasset" 17
"../../../Engine/Content/BasicShapes/Cylinder.uasset" 18
"../../../Engine/Content/BasicShapes/Sphere.uasset" 19
"../../../Engine/Content/EditorLandscapeResources/DataLayer.uasset" 20
"../../../Engine/Content/EditorMaterials/MAT_Groups_Toggle.uasset" 21
"../../../Engine/Content/EditorMaterials/MAT_Groups_Visibility.uasset" 22
"../../../Engine/Content/EditorMaterials/PreviewShadowIndicator.uasset" 23
"../../../Engine/Content/EditorMaterials/PreviewShadowIndicatorMaterial.uasset" 24
"../../../Engine/Content/EditorMaterials/MatineeGroups/MAT_ColorTrack.uasset" 25
"../../../Engine/Content/EditorMaterials/MatineeGroups/MAT_Groups_Anim.uasset" 26
"../../../Engine/Content/EditorMaterials/MatineeGroups/MAT_Groups_AudioMaster.uasset" 27
"../../../Engine/Content/EditorMaterials/MatineeGroups/MAT_Groups_Director.uasset" 28
"../../../Engine/Content/EditorMaterials/MatineeGroups/MAT_Groups_Event.uasset" 29
"../../../Engine/Content/EditorMaterials/MatineeGroups/MAT_Groups_Fade.uasset" 30
"../../../Engine/Content/EditorMaterials/MatineeGroups/MAT_Groups_Float.uasset" 31
"../../../Engine/Content/EditorMaterials/MatineeGroups/MAT_Groups_Move.uasset" 32
"../../../Engine/Content/EditorMaterials/MatineeGroups/MAT_Groups_Slomo.uasset" 33
"../../../Engine/Content/EditorMaterials/MatineeGroups/MAT_Groups_Sound.uasset" 34
"../../../Engine/Content/EditorMaterials/MatineeGroups/MAT_Groups_Vector.uasset" 35
"../../../Engine/Content/EditorMaterials/ParticleSystems/PSysThumbnail_NoImage.uasset" 36
"../../../Engine/Content/EditorMaterials/ParticleSystems/PSysThumbnail_OOD.uasset" 37
"../../../Engine/Content/EditorMaterials/Camera/CineMat.uasset" 38
"../../../Engine/Content/EditorMaterials/Camera/MI_CineMat_Rig.uasset" 39
"../../../Engine/Content/EditorMeshes/Camera/SM_CraneRig_Arm.uasset" 40
"../../../Engine/Content/EditorMeshes/Camera/SM_CraneRig_Base.uasset" 41
"../../../Engine/Content/EditorMeshes/Camera/SM_CraneRig_Body.uasset" 42
"../../../Engine/Content/EditorMeshes/Camera/SM_CraneRig_Mount.uasset" 43
"../../../Engine/Content/EditorMeshes/Camera/SM_RailRig_Mount.uasset" 44
"../../../Engine/Content/EditorMeshes/Camera/SM_RailRig_Track.uasset" 45
"../../../Engine/Content/EditorResources/BSPVertex.uasset" 46
"../../../Engine/Content/EditorResources/S_Actor.uasset" 47
"../../../Engine/Content/EditorResources/S_Note.uasset" 48
"../../../Engine/Content/EditorResources/S_Solver.uasset" 49
"../../../Engine/Content/EditorResources/S_Trigger.uasset" 50
"../../../Engine/Content/EditorResources/SequenceRecorder/Countdown.uasset" 51
"../../../Engine/Content/EditorResources/SequenceRecorder/RecordingIndicator.uasset" 52
"../../../Engine/Content/EditorSounds/Notifications/CompileFailed.uasset" 53
"../../../Engine/Content/EditorSounds/Notifications/CompileFailed_Cue.uasset" 54
"../../../Engine/Content/EditorSounds/Notifications/CompileSuccess.uasset" 55
"../../../Engine/Content/EditorSounds/Notifications/CompileStart_Cue.uasset" 56
"../../../Engine/Content/EditorSounds/Notifications/CompileSuccess_Cue.uasset" 57
"../../../Engine/Content/EngineDamageTypes/DmgTypeBP_Environmental.uasset" 58
"../../../Engine/Content/EngineDebugMaterials/DebugEditorMaterial.uasset" 59
"../../../Engine/Content/EngineDebugMaterials/DebugMeshMaterial.uasset" 60
"../../../Engine/Content/EngineDebugMaterials/M_SimpleUnlitTranslucent.uasset" 61
"../../../Engine/Content/Functions/Engine_MaterialFunctions02/Utility/CameraDirectionVector.uasset" 62
"../../../Engine/Content/EngineDebugMaterials/VolumeToRender.uasset" 63
"../../../Engine/Content/EngineDebugMaterials/M_VolumeRenderSphereTracePP.uasset" 64
"../../../Engine/Content/EngineDebugMaterials/WireframeMaterial.uasset" 65
"../../../Engine/Content/EngineFonts/Faces/DroidSansFallback.uasset" 66
"../../../Engine/Content/EngineFonts/Faces/RobotoBold.uasset" 67
"../../../Engine/Content/EngineFonts/Faces/RobotoBoldItalic.uasset" 68
"../../../Engine/Content/EngineFonts/Faces/RobotoItalic.uasset" 69
"../../../Engine/Content/EngineFonts/Faces/RobotoLight.uasset" 70
"../../../Engine/Content/EngineFonts/Faces/RobotoRegular.uasset" 71
"../../../Engine/Content/EngineFonts/Roboto.uasset" 72
"../../../Engine/Content/EngineMaterials/BaseFlattenDiffuseMap.uasset" 73
"../../../Engine/Content/EngineMaterials/BaseFlattenEmissiveMap.uasset" 74
"../../../Engine/Content/EngineMaterials/BaseFlattenGrayscaleMap.uasset" 75
"../../../Engine/Content/EngineMaterials/BaseFlattenNormalMap.uasset" 76
"../../../Engine/Content/EngineMaterials/BaseFlattenMaterial.uasset" 77
"../../../Engine/Content/EngineMaterials/BlueNoise.uasset" 78
"../../../Engine/Content/EngineMaterials/DefaultBloomKernel.uasset" 79
"../../../Engine/Content/EngineMaterials/DefaultBokeh.uasset" 80
"../../../Engine/Content/EngineMaterials/DefaultDiffuse.uasset" 81
"../../../Engine/Content/EngineMaterials/DefaultDeferredDecalMaterial.uasset" 82
"../../../Engine/Content/EngineMaterials/DefaultLightFunctionMaterial.uasset" 83
"../../../Engine/Content/EngineMaterials/DefaultPhysicalMaterial.uasset" 84
"../../../Engine/Content/Functions/Engine_MaterialFunctions02/Utility/BreakOutFloat2Components.uasset" 85
"../../../Engine/Content/EngineMaterials/DefaultPostProcessMaterial.uasset" 86
"../../../Engine/Content/EngineFonts/RobotoDistanceField.uasset" 87
"../../../Engine/Content/EngineMaterials/DefaultTextMaterialOpaque.uasset" 88
"../../../Engine/Content/EngineMaterials/DefaultWhiteGrid.uasset" 89
"../../../Engine/Content/EngineMaterials/DefaultWhiteGrid_Low.uasset" 90
"../../../Engine/Content/EngineMaterials/EmissiveMeshMaterial.uasset" 91
"../../../Engine/Content/EngineMaterials/GizmoMaterial.uasset" 92
"../../../Engine/Content/EngineMaterials/Good64x64TilingNoiseHighFreq.uasset" 93
"../../../Engine/Content/EngineMaterials/MiniFont.uasset" 94
"../../../Engine/Content/EngineMaterials/InvalidLightmapSettings.uasset" 95
"../../../Engine/Content/EngineMaterials/M_InvalidLightmapSettings.uasset" 96
"../../../Engine/Content/Functions/Engine_MaterialFunctions02/WorldPositionOffset/CameraOffset.uasset" 97
"../../../Engine/Content/EngineMaterials/PhAT_JointLimitMaterial.uasset" 98
"../../../Engine/Content/EngineMaterials/PreintegratedSkinBRDF.uasset" 99
"../../../Engine/Content/EngineMaterials/RemoveSurfaceMaterial.uasset" 100
"../../../Engine/Content/EngineMaterials/WeightMapPlaceholderTexture.uasset" 101
"../../../Engine/Content/EngineResources/WhiteSquareTexture.uasset" 102
"../../../Engine/Content/EngineMaterials/Widget3DPassThrough.uasset" 103
"../../../Engine/Content/EngineMaterials/Widget3DPassThrough_Masked.uasset" 104
"../../../Engine/Content/EngineMaterials/Widget3DPassThrough_Opaque.uasset" 105
"../../../Engine/Content/EngineMaterials/Widget3DPassThrough_Masked_OneSided.uasset" 106
"../../../Engine/Content/EngineMaterials/Widget3DPassThrough_Opaque_OneSided.uasset" 107
"../../../Engine/Content/EngineMaterials/Widget3DPassThrough_Translucent.uasset" 108
"../../../Engine/Content/EngineMaterials/Widget3DPassThrough_Translucent_OneSided.uasset" 109
"../../../Engine/Content/EngineMeshes/Cylinder.uasset" 110
"../../../Engine/Content/EngineMeshes/Sphere.uasset" 111
"../../../Engine/Content/EngineResources/Black.uasset" 112
"../../../Engine/Content/EngineResources/DefaultTexture.uasset" 113
"../../../Engine/Content/EngineResources/DefaultTextureCube.uasset" 114
"../../../Engine/Content/EngineResources/DefaultVolumeTexture2D.uasset" 115
"../../../Engine/Content/EngineResources/DefaultVolumeTexture.uasset" 116
"../../../Engine/Content/EngineResources/GradientTexture0.uasset" 117
"../../../Engine/Content/EngineSounds/Master.uasset" 118
"../../../Engine/Content/Functions/Engine_MaterialFunctions01/Shading/ConvertFromDiffSpec.uasset" 119
"../../../Engine/Content/Functions/Engine_MaterialFunctions01/Shading/PowerToRoughness.uasset" 120
"../../../Engine/Content/Maps/Templates/Thumbnails/Default.uasset" 121
"../../../Engine/Content/Maps/Templates/Thumbnails/TimeOfDay.uasset" 122
"../../../Engine/Content/Maps/Templates/Thumbnails/VR-Basic.uasset" 123
"../../../Engine/Content/MobileResources/T_MobileControls_texture.uasset" 124
"../../../Engine/Content/MobileResources/T_MobileMenu2.uasset" 125
"../../../Engine/Content/MobileResources/HUD/AnalogHat.uasset" 126
"../../../Engine/Content/MobileResources/HUD/VirtualJoystick_Background.uasset" 127
"../../../Engine/Content/MobileResources/HUD/VirtualJoystick_Thumb.uasset" 128
"../../../Engine/Content/MobileResources/HUD/DefaultVirtualJoysticks.uasset" 129
"../../../Engine/Content/MobileResources/HUD/LeftVirtualJoystickOnly.uasset" 130
"../../../Engine/Content/MobileResources/HUD/MobileHUDButton1_off.uasset" 131
"../../../Engine/Content/MobileResources/HUD/MobileHUDButton1_on.uasset" 132
"../../../Engine/Content/MobileResources/HUD/MobileHUDButton2_off.uasset" 133
"../../../Engine/Content/MobileResources/HUD/MobileHUDButton2_on.uasset" 134
"../../../Engine/Content/MobileResources/HUD/MobileHUDButton3.uasset" 135
"../../../Engine/Content/MobileResources/HUD/MobileHUDButtonFire.uasset" 136
"../../../Engine/Content/MobileResources/HUD/MobileHUDDirectionPad.uasset" 137
"../../../Engine/Content/MobileResources/HUD/MobileHUDDirectionPad2.uasset" 138
"../../../Engine/Content/MobileResources/HUD/MobileHUDDirectionPad3.uasset" 139
"../../../Engine/Content/MobileResources/HUD/MobileHUDDirectionStick.uasset" 140
"../../../Engine/Content/MobileResources/HUD/T_Castle_ThumbstickInner.uasset" 141
"../../../Engine/Content/MobileResources/HUD/T_Castle_ThumbstickOutter.uasset" 142
"../../../Engine/Content/Tutorial/ContentIntroCurve.uasset" 143
"../../../Engine/Content/Tutorial/Basics/LevelEditorAttract.uasset" 144
"../../../Engine/Content/VREditor/LaserPointer/VR_LaserPower_01.uasset" 145
"../../../Engine/Content/VREditor/TransformGizmo/TransformGizmoMaterial.uasset" 146
"../../../Engine/Content/VREditor/TransformGizmo/TranslucentTransformGizmoMaterial.uasset" 147
"../../../Engine/Content/VREditor/TransformGizmo/BoundingBoxCorner.uasset" 148
"../../../Engine/Content/VREditor/TransformGizmo/BoundingBoxEdge.uasset" 149
"../../../Engine/Content/VREditor/TransformGizmo/PlaneTranslationHandle.uasset" 150
"../../../Engine/Content/VREditor/TransformGizmo/Main.uasset" 151
"../../../Engine/Content/VREditor/TransformGizmo/Xray.uasset" 152
"../../../Engine/Content/VREditor/TransformGizmo/SM_Sequencer_Key.uasset" 153
"../../../Engine/Content/VREditor/TransformGizmo/SM_Sequencer_Node.uasset" 154
"../../Plugins/2D/Paper2D/Content/DummySprite.uasset" 155
"../../Plugins/2D/Paper2D/Content/DefaultPaperTerrainMaterial.uasset" 156
"../../Plugins/2D/Paper2D/Content/DefaultSpriteMaterial.uasset" 157
"../../Plugins/2D/Paper2D/Content/MaskedUnlitSpriteMaterial.uasset" 158
"../../Plugins/2D/Paper2D/Content/OpaqueUnlitSpriteMaterial.uasset" 159
"../../Plugins/FX/Niagara/Content/Enums/ENiagaraBooleanLogicOps.uasset" 160
"../../Plugins/FX/Niagara/Content/Enums/ENiagaraCoordinateSpace.uasset" 161
"../../Plugins/FX/Niagara/Content/Enums/ENiagaraExpansionMode.uasset" 162
"../../Plugins/FX/Niagara/Content/Enums/ENiagaraOrientationAxis.uasset" 163
"../../Plugins/FX/Niagara/Content/Enums/ENiagaraRandomnessMode.uasset" 164
"../../../Engine/Content/Functions/Engine_MaterialFunctions02/Utility/BreakOutFloat4Components.uasset" 165
"../../../Engine/Content/Functions/Engine_MaterialFunctions02/Utility/MakeFloat2.uasset" 166
"../../../Engine/Content/Functions/Engine_MaterialFunctions02/Utility/MakeFloat3.uasset" 167
"../../Plugins/Runtime/Oculus/OculusVR/Content/Materials/OculusMR_ChromaKey.uasset" 168
"../../Plugins/Runtime/Oculus/OculusVR/Content/Materials/OculusMR_ChromaKey_Lit.uasset" 169
"../../Plugins/Runtime/Oculus/OculusVR/Content/Materials/OculusMR_OpaqueColoredMaterial.uasset" 170
"../../Plugins/Runtime/Oculus/OculusVR/Content/Materials/OculusMR_WhiteMaterial.uasset" 171
"../../../Engine/Content/EditorBlueprintResources/StandardMacros.uasset" 172
"D:/Gabo Stuff/Programming Tests/Blackjack/Content/Sprites/cards__1.uasset" 173
"D:/Gabo Stuff/Programming Tests/Blackjack/Content/Sprites/cards__10.uasset" 174
"D:/Gabo Stuff/Programming Tests/Blackjack/Content/Sprites/cards__11.uasset" 175
"D:/Gabo Stuff/Programming Tests/Blackjack/Content/Sprites/cards__12.uasset" 176
"D:/Gabo Stuff/Programming Tests/Blackjack/Content/Sprites/cards__13.uasset" 177
"D:/Gabo Stuff/Programming Tests/Blackjack/Content/Sprites/cards__14.uasset" 178
"D:/Gabo Stuff/Programming Tests/Blackjack/Content/Sprites/cards__15.uasset" 179
"D:/Gabo Stuff/Programming Tests/Blackjack/Content/Sprites/cards__16.uasset" 180
"D:/Gabo Stuff/Programming Tests/Blackjack/Content/Sprites/cards__17.uasset" 181
"D:/Gabo Stuff/Programming Tests/Blackjack/Content/Sprites/cards__18.uasset" 182
"D:/Gabo Stuff/Programming Tests/Blackjack/Content/Sprites/cards__19.uasset" 183
"D:/Gabo Stuff/Programming Tests/Blackjack/Content/Sprites/cards__2.uasset" 184
"D:/Gabo Stuff/Programming Tests/Blackjack/Content/Sprites/cards__20.uasset" 185
"D:/Gabo Stuff/Programming Tests/Blackjack/Content/Sprites/cards__21.uasset" 186
"D:/Gabo Stuff/Programming Tests/Blackjack/Content/Sprites/cards__22.uasset" 187
"D:/Gabo Stuff/Programming Tests/Blackjack/Content/Sprites/cards__23.uasset" 188
"D:/Gabo Stuff/Programming Tests/Blackjack/Content/Sprites/cards__24.uasset" 189
"D:/Gabo Stuff/Programming Tests/Blackjack/Content/Sprites/cards__25.uasset" 190
"D:/Gabo Stuff/Programming Tests/Blackjack/Content/Sprites/cards__26.uasset" 191
"D:/Gabo Stuff/Programming Tests/Blackjack/Content/Sprites/cards__27.uasset" 192
"D:/Gabo Stuff/Programming Tests/Blackjack/Content/Sprites/cards__28.uasset" 193
"D:/Gabo Stuff/Programming Tests/Blackjack/Content/Sprites/cards__29.uasset" 194
"D:/Gabo Stuff/Programming Tests/Blackjack/Content/Sprites/cards__3.uasset" 195
"D:/Gabo Stuff/Programming Tests/Blackjack/Content/Sprites/cards__30.uasset" 196
"D:/Gabo Stuff/Programming Tests/Blackjack/Content/Sprites/cards__31.uasset" 197
"D:/Gabo Stuff/Programming Tests/Blackjack/Content/Sprites/cards__32.uasset" 198
"D:/Gabo Stuff/Programming Tests/Blackjack/Content/Sprites/cards__33.uasset" 199
"D:/Gabo Stuff/Programming Tests/Blackjack/Content/Sprites/cards__34.uasset" 200
"D:/Gabo Stuff/Programming Tests/Blackjack/Content/Sprites/cards__35.uasset" 201
"D:/Gabo Stuff/Programming Tests/Blackjack/Content/Sprites/cards__36.uasset" 202
"D:/Gabo Stuff/Programming Tests/Blackjack/Content/Sprites/cards__37.uasset" 203
"D:/Gabo Stuff/Programming Tests/Blackjack/Content/Sprites/cards__38.uasset" 204
"D:/Gabo Stuff/Programming Tests/Blackjack/Content/Sprites/cards__39.uasset" 205
"D:/Gabo Stuff/Programming Tests/Blackjack/Content/Sprites/cards__4.uasset" 206
"D:/Gabo Stuff/Programming Tests/Blackjack/Content/Sprites/cards__40.uasset" 207
"D:/Gabo Stuff/Programming Tests/Blackjack/Content/Sprites/cards__41.uasset" 208
"D:/Gabo Stuff/Programming Tests/Blackjack/Content/Sprites/cards__42.uasset" 209
"D:/Gabo Stuff/Programming Tests/Blackjack/Content/Sprites/cards__43.uasset" 210
"D:/Gabo Stuff/Programming Tests/Blackjack/Content/Sprites/cards__44.uasset" 211
"D:/Gabo Stuff/Programming Tests/Blackjack/Content/Sprites/cards__45.uasset" 212
"D:/Gabo Stuff/Programming Tests/Blackjack/Content/Sprites/cards__46.uasset" 213
"D:/Gabo Stuff/Programming Tests/Blackjack/Content/Sprites/cards__47.uasset" 214
"D:/Gabo Stuff/Programming Tests/Blackjack/Content/Sprites/cards__48.uasset" 215
"D:/Gabo Stuff/Programming Tests/Blackjack/Content/Sprites/cards__49.uasset" 216
"D:/Gabo Stuff/Programming Tests/Blackjack/Content/Sprites/cards__5.uasset" 217
"D:/Gabo Stuff/Programming Tests/Blackjack/Content/Sprites/cards__50.uasset" 218
"D:/Gabo Stuff/Programming Tests/Blackjack/Content/Sprites/cards__51.uasset" 219
"D:/Gabo Stuff/Programming Tests/Blackjack/Content/Sprites/cards__6.uasset" 220
"D:/Gabo Stuff/Programming Tests/Blackjack/Content/Sprites/cards__7.uasset" 221
"D:/Gabo Stuff/Programming Tests/Blackjack/Content/Sprites/cards__8.uasset" 222
"D:/Gabo Stuff/Programming Tests/Blackjack/Content/Sprites/cards__9.uasset" 223
"D:/Gabo Stuff/Programming Tests/Blackjack/Content/UI/GameUI.uasset" 224
"D:/Gabo Stuff/Programming Tests/Blackjack/Content/Blueprints/BP_BlackjackGameMode.uasset" 225
"D:/Gabo Stuff/Programming Tests/Blackjack/Content/Maps/GameLevel_BuiltData.uasset" 226
"D:/Gabo Stuff/Programming Tests/Blackjack/Content/Materials/Table.uasset" 227
"../../../Engine/Content/BasicShapes/Plane.uasset" 228
"D:/Gabo Stuff/Programming Tests/Blackjack/Content/Maps/GameLevel.umap" 229
"D:/Gabo Stuff/Programming Tests/Blackjack/Content/UI/MainMenuUI.uasset" 230
"D:/Gabo Stuff/Programming Tests/Blackjack/Content/Maps/MainMenu.umap" 231
"../../../Engine/Content/Maps/Entry_BuiltData.uasset" 232
"../../../Engine/Content/Maps/Entry.umap" 233
